{
  "stats": {
    "suites": 1,
    "tests": 3,
    "passes": 3,
    "pending": 0,
    "failures": 0,
    "start": "2023-12-12T15:25:48.545Z",
    "end": "2023-12-12T15:26:08.893Z",
    "duration": 20348,
    "testsRegistered": 3,
    "passPercent": 100,
    "pendingPercent": 0,
    "other": 0,
    "hasOther": false,
    "skipped": 0,
    "hasSkipped": false
  },
  "results": [
    {
      "uuid": "4ced18dd-aea9-4e48-abfa-3b901ec7cb4e",
      "title": "",
      "fullFile": "cypress\\e2e\\CRUDwishlistTest\\apiTestWishListActions.cy.js",
      "file": "cypress\\e2e\\CRUDwishlistTest\\apiTestWishListActions.cy.js",
      "beforeHooks": [],
      "afterHooks": [],
      "tests": [],
      "suites": [
        {
          "uuid": "528575f5-e20c-4846-a5f7-1f25b2472940",
          "title": "Test CRUD whishlist",
          "fullFile": "",
          "file": "",
          "beforeHooks": [],
          "afterHooks": [],
          "tests": [
            {
              "title": "Test add book by ID to user by ID",
              "fullTitle": "Test CRUD whishlist Test add book by ID to user by ID",
              "timedOut": null,
              "duration": 6404,
              "state": "passed",
              "speed": "medium",
              "pass": true,
              "fail": false,
              "pending": false,
              "context": null,
              "code": "(0, _putToWishlist.addToWishlist)(_APIHelpers.userId, 3, _APIHelpers.token);\ncy.reload();",
              "err": {},
              "uuid": "9ee3b449-3577-40cc-b185-0d0895e4861f",
              "parentUUID": "528575f5-e20c-4846-a5f7-1f25b2472940",
              "isHook": false,
              "skipped": false
            },
            {
              "title": "Test get user whishlist",
              "fullTitle": "Test CRUD whishlist Test get user whishlist",
              "timedOut": null,
              "duration": 1615,
              "state": "passed",
              "speed": "fast",
              "pass": true,
              "fail": false,
              "pending": false,
              "context": null,
              "code": "(0, _getUserWishList.getWishlist)(_APIHelpers.userId, _APIHelpers.token);",
              "err": {},
              "uuid": "3d3f1e33-c3fa-4c9a-a097-654c6f6395d5",
              "parentUUID": "528575f5-e20c-4846-a5f7-1f25b2472940",
              "isHook": false,
              "skipped": false
            },
            {
              "title": "Test delete user whishlist",
              "fullTitle": "Test CRUD whishlist Test delete user whishlist",
              "timedOut": null,
              "duration": 2081,
              "state": "passed",
              "speed": "fast",
              "pass": true,
              "fail": false,
              "pending": false,
              "context": null,
              "code": "(0, _deleteWhishlist.deleteWishlist)(_APIHelpers.userId, _APIHelpers.token);",
              "err": {},
              "uuid": "8083f8a3-5ce4-40de-b962-93b8ab722f8b",
              "parentUUID": "528575f5-e20c-4846-a5f7-1f25b2472940",
              "isHook": false,
              "skipped": false
            }
          ],
          "suites": [],
          "passes": [
            "9ee3b449-3577-40cc-b185-0d0895e4861f",
            "3d3f1e33-c3fa-4c9a-a097-654c6f6395d5",
            "8083f8a3-5ce4-40de-b962-93b8ab722f8b"
          ],
          "failures": [],
          "pending": [],
          "skipped": [],
          "duration": 10100,
          "root": false,
          "rootEmpty": false,
          "_timeout": 2000
        }
      ],
      "passes": [],
      "failures": [],
      "pending": [],
      "skipped": [],
      "duration": 0,
      "root": true,
      "rootEmpty": true,
      "_timeout": 2000
    }
  ],
  "meta": {
    "mocha": {
      "version": "7.0.1"
    },
    "mochawesome": {
      "options": {
        "quiet": false,
        "reportFilename": "mochawesome",
        "saveHtml": true,
        "saveJson": true,
        "consoleReporter": "spec",
        "useInlineDiffs": false,
        "code": true
      },
      "version": "7.1.3"
    },
    "marge": {
      "options": {
        "reportDir": "cypress/results",
        "overwrite": false,
        "html": true,
        "json": true
      },
      "version": "6.2.0"
    }
  }
}